<?xml version="1.0" encoding="UTF-8"?>
<testsuite xmlns:xsi="http://www.w3.org/2001/XMLSchema-instance" xsi:noNamespaceSchemaLocation="https://maven.apache.org/surefire/maven-surefire-plugin/xsd/surefire-test-report-3.0.xsd" version="3.0" name="dev.freireservices.social_altruism.chat.ChatQuickStartTest" time="0.387" tests="1" errors="0" skipped="0" failures="0">
  <properties>
[...]
</properties>
  <testcase name="testGreeterActorSendingOfGreeting" classname="dev.freireservices.social_altruism.chat.ChatQuickStartTest" time="0.012">
    <system-out><![CDATA[[2023-12-19 12:33:17,437] [INFO] [akka.event.slf4j.Slf4jLogger] [AkkaQuickstartTest-akka.actor.default-dispatcher-3] [] - Slf4jLogger started
[2023-12-19 12:33:17,477] [INFO] [dev.freireservices.social_altruism.Greeter] [AkkaQuickstartTest-akka.actor.default-dispatcher-3] [akka://AkkaQuickstartTest/user/greeter] - Hello Charles!
]]></system-out>
  </testcase>
</testsuite>