<?xml version="1.0" encoding="UTF-8"?>
<testsuite xmlns:xsi="http://www.w3.org/2001/XMLSchema-instance" xsi:noNamespaceSchemaLocation="https://maven.apache.org/surefire/maven-surefire-plugin/xsd/surefire-test-report-3.0.xsd" version="3.0" name="dev.freireservices.social_altruism.chat.ChatQuickStartTest" time="1.155" tests="2" errors="0" skipped="0" failures="0">
  <properties>
[...]
</properties>
  <testcase name="testActorGetsUserDenied" classname="dev.freireservices.social_altruism.chat.ChatQuickStartTest" time="1.02">
    <system-out><![CDATA[[2023-12-23 12:16:42,141] [INFO] [akka.event.slf4j.Slf4jLogger] [ChatQuickStartTest-akka.actor.default-dispatcher-3] [] - Slf4jLogger started
[2023-12-23 12:16:42,291] [INFO] [dev.freireservices.social_altruism.chat.ChatPotProtocol] [ChatQuickStartTest-akka.actor.default-dispatcher-5] [akka://ChatQuickStartTest/user/chatRoom] - Participant joined testProbe-1 turn pot: 10.0
[2023-12-23 12:16:42,293] [INFO] [dev.freireservices.social_altruism.chat.ChatPotProtocol] [ChatQuickStartTest-akka.actor.default-dispatcher-5] [akka://ChatQuickStartTest/user/chatRoom] - Waiting for more participants.
[2023-12-23 12:16:42,293] [INFO] [dev.freireservices.social_altruism.chat.ChatPotProtocol] [ChatQuickStartTest-akka.actor.default-dispatcher-3] [akka://ChatQuickStartTest/user/chatRoom] - Participant joined testProbe-1 turn pot: 10.0
[2023-12-23 12:16:42,303] [ERROR] [akka.actor.SupervisorStrategy] [ChatQuickStartTest-akka.actor.default-dispatcher-5] [akka://ChatQuickStartTest/user] - actor name [testProbe-1] is not unique!
akka.actor.InvalidActorNameException: actor name [testProbe-1] is not unique!
	at akka.actor.dungeon.ChildrenContainer$NormalChildrenContainer.reserve(ChildrenContainer.scala:134)
	at akka.actor.dungeon.Children.reserveChild(Children.scala:147)
	at akka.actor.dungeon.Children.reserveChild$(Children.scala:145)
	at akka.actor.ActorCell.reserveChild(ActorCell.scala:410)
	at akka.actor.dungeon.Children.makeChild(Children.scala:300)
	at akka.actor.dungeon.Children.actorOf(Children.scala:49)
	at akka.actor.dungeon.Children.actorOf$(Children.scala:48)
	at akka.actor.ActorCell.actorOf(ActorCell.scala:410)
	at akka.actor.typed.internal.adapter.ActorRefFactoryAdapter$.spawn(ActorRefFactoryAdapter.scala:55)
	at akka.actor.typed.internal.adapter.ActorContextAdapter.spawn(ActorContextAdapter.scala:73)
	at akka.actor.typed.internal.ActorContextImpl.spawn(ActorContextImpl.scala:202)
	at akka.actor.typed.internal.ActorContextImpl.spawn$(ActorContextImpl.scala:201)
	at akka.actor.typed.internal.adapter.ActorContextAdapter.spawn(ActorContextAdapter.scala:38)
	at dev.freireservices.social_altruism.chat.ChatPotProtocol.onGetPotSession(ChatPotProtocol.java:72)
	at dev.freireservices.social_altruism.chat.ChatPotProtocol.lambda$createPot$e7bfbadc$1(ChatPotProtocol.java:113)
	at akka.actor.typed.javadsl.BuiltBehavior.receive(BehaviorBuilder.scala:197)
	at akka.actor.typed.javadsl.BuiltBehavior.receive(BehaviorBuilder.scala:186)
	at akka.actor.typed.Behavior$.interpret(Behavior.scala:282)
	at akka.actor.typed.Behavior$.interpretMessage(Behavior.scala:238)
	at akka.actor.typed.internal.adapter.ActorAdapter.handleMessage(ActorAdapter.scala:133)
	at akka.actor.typed.internal.adapter.ActorAdapter.aroundReceive(ActorAdapter.scala:109)
	at akka.actor.ActorCell.receiveMessage(ActorCell.scala:579)
	at akka.actor.ActorCell.invoke(ActorCell.scala:547)
	at akka.dispatch.Mailbox.processMailbox(Mailbox.scala:270)
	at akka.dispatch.Mailbox.run(Mailbox.scala:231)
	at akka.dispatch.Mailbox.exec(Mailbox.scala:243)
	at java.base/java.util.concurrent.ForkJoinTask.doExec(ForkJoinTask.java:387)
	at java.base/java.util.concurrent.ForkJoinPool$WorkQueue.topLevelExec(ForkJoinPool.java:1311)
	at java.base/java.util.concurrent.ForkJoinPool.scan(ForkJoinPool.java:1840)
	at java.base/java.util.concurrent.ForkJoinPool.runWorker(ForkJoinPool.java:1806)
	at java.base/java.util.concurrent.ForkJoinWorkerThread.run(ForkJoinWorkerThread.java:177)
]]></system-out>
  </testcase>
  <testcase name="testCooperationCaseOne" classname="dev.freireservices.social_altruism.chat.ChatQuickStartTest" time="0.059">
    <system-out><![CDATA[[2023-12-23 12:16:42,373] [INFO] [akka.event.slf4j.Slf4jLogger] [ChatQuickStartTest-akka.actor.default-dispatcher-3] [] - Slf4jLogger started
]]></system-out>
  </testcase>
</testsuite>